<?xml version="1.0" encoding="UTF-8"?>
<!-- Generated by org.testng.reporters.JUnitReportReporter -->
<testsuite skipped="0" hostname="Uday-VAIO" name="pages.SaiDemo" tests="1" failures="0" timestamp="10 Dec 2017 08:22:20 GMT" time="0.018" errors="0">
  <testcase name="display" time="0.018" classname="pages.SaiDemo"/>
</testsuite> <!-- pages.SaiDemo -->
